Arguments: 
  C:\Program Files\nodejs\node.exe C:\Program Files (x86)\Yarn\bin\yarn.js init

PATH: 
  C:\Program Files\Common Files\Oracle\Java\javapath;C:\Program Files (x86)\Common Files\Oracle\Java\javapath;C:\Program Files\Eclipse Adoptium\jdk-17.0.2.8-hotspot\bin;C:\WINDOWS\system32;C:\WINDOWS;C:\WINDOWS\System32\Wbem;C:\WINDOWS\System32\WindowsPowerShell\v1.0\;C:\WINDOWS\System32\OpenSSH\;C:\Program Files\Java\jre1.8.0_321\bin;C:\Program Files\Git\cmd;C:\Program Files\Git\mingw64\bin;C:\Program Files\Git\usr\bin;C:\Program Files\nodejs\;C:\Program Files (x86)\Yarn\bin\;C:\Users\Anand\AppData\Local\Programs\Python\Python310\Scripts\;C:\Users\Anand\AppData\Local\Programs\Python\Python310\;C:\Users\Anand\AppData\Local\Programs\Python\Launcher\;C:\Users\Anand\AppData\Local\Microsoft\WindowsApps;C:\Users\Anand\AppData\Local\GitHubDesktop\bin;C:\Users\Anand\AppData\Local\Programs\Microsoft VS Code\bin;C:\Program Files\Java\jdk-17.0.2\bin;C:\Users\Anand\AppData\Roaming\npm;C:\Users\Anand\AppData\Local\Yarn\bin

Yarn version: 
  1.22.4

Node version: 
  17.6.0

Platform: 
  win32 x64

Trace: 
  Error: canceled
      at Interface.<anonymous> (C:\Program Files (x86)\Yarn\lib\cli.js:137008:13)
      at Interface.emit (node:events:527:28)
      at Interface.[_ttyWrite] [as _ttyWrite] (node:internal/readline/interface:1117:18)
      at ReadStream.onkeypress (node:internal/readline/interface:269:20)
      at ReadStream.emit (node:events:527:28)
      at emitKeys (node:internal/readline/utils:358:14)
      at emitKeys.next (<anonymous>)
      at ReadStream.onData (node:internal/readline/emitKeypressEvents:64:36)
      at ReadStream.emit (node:events:527:28)
      at addChunk (node:internal/streams/readable:324:12)

npm manifest: 
  No manifest

yarn manifest: 
  No manifest

Lockfile: 
  No lockfile
